<html>
<body>
<pre>
<h1>Vision Build Log</h1>
<h2>Project:</h2>
F:\31\支持中英文切换 - 定制CS9931YS-PT-2K\CS9931_Ultra_Y-W\project.uvproj
Project File Date:  05/09/2017

<h2>Output:</h2>
Build target 'STM32f407'
compiling application.c...
applications\application.c(260): warning:  #223-D: function "memory_systems_open" declared implicitly
compiling startup.c...
compiling CS99xx.c...
compiling CS9931_Config.c...
compiling board.c...
compiling stm32f4xx_it.c...
compiling usart.c...
BSP\drivers\usart.c(135): warning:  #550-D: variable "GPIO_InitStructure" was set but never used
BSP\drivers\usart.c(175): warning:  #177-D: variable "NVIC_InitStructure" was declared but never referenced
BSP\drivers\usart.c(280): warning:  #177-D: variable "USART_InitStructure" was declared but never referenced
compiling bsp_button.c...
BSP\drivers\bsp_button.c(86): warning:  #223-D: function "rt_hw_interrupt_disable" declared implicitly
BSP\drivers\bsp_button.c(108): warning:  #223-D: function "rt_hw_interrupt_enable" declared implicitly
compiling RA8875.c...
compiling bsp_sdio_sd.c...
compiling spi_flash.c...
compiling memory.c...
compiling memorymanagement.c...
compiling rtc.c...
compiling bmp.c...
compiling bsp_font.c...
compiling bsp_text.c...
compiling bsp_listbox.c...
compiling bsp_ico.c...
BSP\drivers\bsp_ico.c(42): warning:  #177-D: variable "k" was declared but never referenced
BSP\drivers\bsp_ico.c(44): warning:  #177-D: variable "word_bytes" was declared but never referenced
compiling bsp_graph.c...
compiling Usart1.c...
compiling CH376_USB_UI.C...
compiling FILE_SYS.C...
compiling HAL_BASE.C...
compiling SPI_SW.C...
compiling system_stm32f4xx.c...
compiling misc.c...
compiling stm32f4xx_adc.c...
compiling stm32f4xx_can.c...
compiling stm32f4xx_crc.c...
compiling stm32f4xx_cryp.c...
compiling stm32f4xx_cryp_aes.c...
compiling stm32f4xx_cryp_des.c...
compiling stm32f4xx_cryp_tdes.c...
compiling stm32f4xx_dac.c...
compiling stm32f4xx_dbgmcu.c...
compiling stm32f4xx_dcmi.c...
compiling stm32f4xx_dma.c...
compiling stm32f4xx_exti.c...
compiling stm32f4xx_flash.c...
compiling stm32f4xx_fsmc.c...
compiling stm32f4xx_gpio.c...
compiling stm32f4xx_hash.c...
compiling stm32f4xx_hash_md5.c...
compiling stm32f4xx_hash_sha1.c...
compiling stm32f4xx_i2c.c...
compiling stm32f4xx_iwdg.c...
compiling stm32f4xx_pwr.c...
compiling stm32f4xx_rcc.c...
compiling stm32f4xx_rng.c...
compiling stm32f4xx_rtc.c...
compiling stm32f4xx_sdio.c...
compiling stm32f4xx_spi.c...
compiling stm32f4xx_syscfg.c...
compiling stm32f4xx_tim.c...
compiling stm32f4xx_usart.c...
compiling stm32f4xx_wwdg.c...
compiling clock.c...
compiling device.c...
compiling idle.c...
compiling ipc.c...
compiling irq.c...
compiling kservice.c...
compiling mem.c...
compiling mempool.c...
compiling object.c...
compiling scheduler.c...
compiling thread.c...
compiling timer.c...
compiling cpuport.c...
compiling backtrace.c...
compiling div0.c...
compiling showmem.c...
compiling completion.c...
compiling dataqueue.c...
compiling pipe.c...
compiling ringbuffer.c...
compiling serial.c...
compiling cmd.c...
compiling finsh_compiler.c...
compiling finsh_error.c...
compiling finsh_heap.c...
compiling finsh_init.c...
compiling finsh_node.c...
compiling finsh_ops.c...
compiling finsh_parser.c...
compiling finsh_token.c...
compiling finsh_var.c...
compiling finsh_vm.c...
compiling shell.c...
compiling symbol.c...
compiling dfs.c...
compiling dfs_file.c...
compiling dfs_fs.c...
compiling dfs_posix.c...
compiling dfs_elm.c...
compiling ff.c...
compiling ui_application.c...
applications\UI\ui_application.c(58): warning:  #223-D: function "ui_title_darw" declared implicitly
applications\UI\ui_application.c(76): warning:  #167-D: argument of type "uint8_t *" is incompatible with parameter of type "char *restrict"
applications\UI\ui_application.c(76): warning:  #167-D: argument of type "uint8_t *" is incompatible with parameter of type "const char *restrict"
applications\UI\ui_application.c(77): warning:  #167-D: argument of type "uint8_t *" is incompatible with parameter of type "char *restrict"
applications\UI\ui_application.c(77): warning:  #167-D: argument of type "uint8_t *" is incompatible with parameter of type "const char *restrict"
applications\UI\ui_application.c(79): warning:  #223-D: function "ui_title_darw" declared implicitly
compiling ui_title.c...
compiling ui_menu.c...
compiling ui_home.c...
.\applications\ext.h(11): warning:  #1-D: last line of file ends without a newline
.\applications\ext.h(11): warning:  #14-D: extra text after expected end of preprocessing directive
applications\UI\ui_home.c(403): warning:  #223-D: function "update_bar_code" declared implicitly
applications\UI\ui_home.c(1121): warning:  #167-D: argument of type "unsigned char *" is incompatible with parameter of type "const char *restrict"
applications\UI\ui_home.c(1217): warning:  #167-D: argument of type "unsigned char *" is incompatible with parameter of type "const char *restrict"
applications\UI\ui_home.c(1322): warning:  #167-D: argument of type "uint8_t *" is incompatible with parameter of type "const char *restrict"
applications\UI\ui_home.c(1449): warning:  #167-D: argument of type "unsigned char *" is incompatible with parameter of type "const char *restrict"
applications\UI\ui_home.c(1522): warning:  #167-D: argument of type "unsigned char *" is incompatible with parameter of type "const char *restrict"
applications\UI\ui_home.c(1700): warning:  #167-D: argument of type "unsigned char *" is incompatible with parameter of type "const char *restrict"
applications\UI\ui_home.c(1772): warning:  #167-D: argument of type "unsigned char *" is incompatible with parameter of type "const char *restrict"
.\image\Gs.h(127): warning:  #1-D: last line of file ends without a newline
compiling ui_status.c...
compiling ui_file.c...
compiling ui_step.c...
applications\UI\ui_step.c(1652): warning:  #177-D: function "step_set_scanport" was declared but never referenced
compiling ui_system.c...
applications\UI\ui_system.c(4027): warning:  #223-D: function "APP_CommProtocolLogicInit" declared implicitly
compiling ui_result.c...
applications\UI\ui_result.c(1166): warning:  #223-D: function "num_input" declared implicitly
compiling ui_help.c...
compiling ui_about.c...
compiling ui_display.c...
applications\UI\ui_display.c(11): warning:  #177-D: variable "font" was declared but never referenced
compiling ui_file_Port.c...
compiling ui_autocal.c...
compiling sui_window.c...
compiling sui_drivers.c...
compiling sui_color.c...
compiling asc16font.c...
compiling hz16font.c...
compiling asc20font.c...
compiling hz20font.c...
compiling asc24font.c...
compiling hz24font.c...
compiling asc32font.c...
compiling hz32font.c...
compiling AD_DA.c...
compiling Key_LED.c...
compiling Multiplexer.c...
compiling Relay.c...
compiling Self_Test.c...
Drivers\Self_Test.c(268): warning:  #128-D: loop is not reachable from preceding code
compiling spi_cpld.c...
compiling PLC.c...
compiling ACW_Routine.c...
compiling DCW_Routine.c...
compiling GR_Routine.c...
compiling LC_Routine.c...
Test_Main\LC_Routine.c(1154): warning:  #223-D: function "clear_home_panel" declared implicitly
Test_Main\LC_Routine.c(1155): warning:  #223-D: function "display_LC_L_N" declared implicitly
Test_Main\LC_Routine.c(1156): warning:  #223-D: function "lc_ui_teststr_darw" declared implicitly
compiling GR.c...
compiling LC.c...
Test_Main\LC.c(238): warning:  #117-D: non-void function "D16_Mcp3202_Read" should return a value
Test_Main\LC.c(1061): warning:  #177-D: variable "Current" was declared but never referenced
compiling Output_Control.c...
compiling Relay_Change.c...
compiling Test_Main.c...
compiling Test_Sched.c...
.\applications\ext.h(11): warning:  #1-D: last line of file ends without a newline
.\applications\ext.h(11): warning:  #14-D: extra text after expected end of preprocessing directive
Test_Main\Test_Sched.c(171): warning:  #223-D: function "update_bar_code" declared implicitly
Test_Main\Test_Sched.c(172): warning:  #223-D: function "clear_scan_code_buf" declared implicitly
Test_Main\Test_Sched.c(337): warning:  #223-D: function "update_bar_code" declared implicitly
Test_Main\Test_Sched.c(873): warning:  #47-D: incompatible redefinition of macro "DEEP_SLOW" (declared at line 105 of "Test_Main\Test_Sched.h")
Test_Main\Test_Sched.c(985): warning:  #177-D: variable "t_vol" was declared but never referenced
Test_Main\Test_Sched.c(980): warning:  #177-D: function "Test_Sampling_Clock_Sever" was declared but never referenced
compiling Cal.c...
compiling ACW_GR_Routine.c...
Test_Main\ACW_GR_Routine.c(25): warning:  #177-D: function "ACW_Test_Inerface_err" was declared but never referenced
compiling DCW_GR_Routine.c...
compiling PW_Routine.c...
compiling IR_Routine.c...
compiling IR.c...
compiling API_Sched.c...
SCPI\API_Sched.c(411): warning:  #223-D: function "memcpy" declared implicitly
SCPI\API_Sched.c(412): warning:  #223-D: function "memset" declared implicitly
compiling communication.c...
SCPI\communication.c(2916): warning:  #550-D: variable "dummy" was set but never used
SCPI\communication.c(2909): warning:  #177-D: variable "tx_temp" was declared but never referenced
SCPI\communication.c(3001): warning:  #69-D: integer conversion resulted in truncation
SCPI\communication.c(3051): warning:  #940-D: missing return statement at end of non-void function "rt_uart_write"
compiling CS9931CInstructionTable.c...
SCPI\CS9931CInstructionTable.h(76): warning:  #1-D: last line of file ends without a newline
compiling library.c...
compiling scpi_parser.c...
SCPI\scpi_parser.c(580): warning:  #223-D: function "memset" declared implicitly
SCPI\scpi_parser.c(938): warning:  #223-D: function "strncmp" declared implicitly
SCPI\scpi_parser.c(1176): warning:  #223-D: function "strlen" declared implicitly
SCPI\scpi_parser.c(1437): warning:  #223-D: function "strcmp" declared implicitly
SCPI\scpi_parser.c(1502): warning:  #223-D: function "strlen" declared implicitly
SCPI\scpi_parser.c(1586): warning:  #223-D: function "LIB_ConvertNmubToString" declared implicitly
SCPI\scpi_parser.c(1586): warning:  #223-D: function "LIB_DataBitLenGet" declared implicitly
SCPI\scpi_parser.c(1587): warning:  #223-D: function "strlen" declared implicitly
SCPI\scpi_parser.c(1631): warning:  #223-D: function "strcmp" declared implicitly
SCPI\scpi_parser.c(1692): warning:  #223-D: function "strlen" declared implicitly
SCPI\scpi_parser.c(1700): warning:  #223-D: function "LIB_Strnpos" declared implicitly
SCPI\scpi_parser.c(1806): warning:  #223-D: function "LIB_DataBitLenGet" declared implicitly
SCPI\scpi_parser.c(1868): warning:  #223-D: function "LIB_Strpos" declared implicitly
SCPI\scpi_parser.c(1887): warning:  #223-D: function "strcmp" declared implicitly
SCPI\scpi_parser.c(1927): warning:  #223-D: function "strlen" declared implicitly
SCPI\scpi_parser.c(1958): warning:  #223-D: function "LIB_StringLsl" declared implicitly
SCPI\scpi_parser.c(1971): warning:  #223-D: function "LIB_DataBitLenGet" declared implicitly
SCPI\scpi_parser.c(2017): warning:  #223-D: function "LIB_Get10nData" declared implicitly
SCPI\scpi_parser.c(2022): warning:  #223-D: function "LIB_Get10nData" declared implicitly
SCPI\scpi_parser.c(2056): warning:  #223-D: function "LIB_Get10nData" declared implicitly
SCPI\scpi_parser.c(2076): warning:  #223-D: function "LIB_ConvertNmubToString" declared implicitly
SCPI\scpi_parser.c(2080): warning:  #223-D: function "LIB_StrInsert" declared implicitly
SCPI\scpi_parser.c(2091): warning:  #223-D: function "strlen" declared implicitly
SCPI\scpi_parser.c(2171): warning:  #223-D: function "strncpy" declared implicitly
SCPI\scpi_parser.c(2180): warning:  #223-D: function "LIB_ConvertNmubToString" declared implicitly
SCPI\scpi_parser.c(2232): warning:  #223-D: function "memset" declared implicitly
SCPI\scpi_parser.c(2239): warning:  #223-D: function "memset" declared implicitly
SCPI\scpi_parser.c(2281): warning:  #223-D: function "memcpy" declared implicitly
SCPI\scpi_parser.c(2286): warning:  #223-D: function "LIB_ConvertNmubToString" declared implicitly
SCPI\scpi_parser.c(2304): warning:  #223-D: function "strlen" declared implicitly
SCPI\scpi_parser.c(2321): warning:  #223-D: function "strlen" declared implicitly
SCPI\scpi_parser.c(2622): warning:  #223-D: function "LIB_ConvertNmubToString" declared implicitly
compiling scpiInstruction.c...
SCPI\CS9931CInstructionTable.h(76): warning:  #1-D: last line of file ends without a newline
SCPI\scpiInstruction.c(644): warning:  #83-D: type qualifier specified more than once
SCPI\scpiInstruction.c(1121): warning:  #83-D: type qualifier specified more than once
SCPI\scpiInstruction.c(153): warning:  #177-D: variable "t_ParamReal_Test_Mode_5050" was declared but never referenced
SCPI\scpiInstruction.c(158): warning:  #177-D: variable "t_ParamReal_Test_Mode_5051" was declared but never referenced
SCPI\scpiInstruction.c(281): warning:  #177-D: variable "st_TotalContainer_CurrHigh" was declared but never referenced
SCPI\scpiInstruction.c(300): warning:  #177-D: variable "st_ParamContainer_CurrLow" was declared but never referenced
SCPI\scpiInstruction.c(322): warning:  #177-D: variable "st_TotalContainer_CCurr" was declared but never referenced
SCPI\scpiInstruction.c(372): warning:  #177-D: variable "st_TotalContainer_LcFContinue" was declared but never referenced
SCPI\scpiInstruction.c(537): warning:  #177-D: variable "st_ParamContainer_Voltage_DC_5101" was declared but never referenced
SCPI\scpiInstruction.c(551): warning:  #177-D: variable "st_TotalContainer_Voltage" was declared but never referenced
SCPI\scpiInstruction.c(772): warning:  #177-D: variable "st_ParamContainer_AcwCurHigh_2676N" was declared but never referenced
SCPI\scpiInstruction.c(798): warning:  #177-D: variable "st_TotalContainer_DcwCurHigh_2676N" was declared but never referenced
SCPI\scpiInstruction.c(1320): warning:  #177-D: variable "st_InstructionStruct_SystemPassword" was declared but never referenced
SCPI\scpiInstruction.c(1333): warning:  #177-D: variable "st_InstructionStruct_SystemKeyKlock" was declared but never referenced
SCPI\scpiInstruction.c(1341): warning:  #177-D: variable "st_InstructionStruct_SystemTime" was declared but never referenced
SCPI\scpiInstruction.c(1347): warning:  #177-D: variable "st_InstructionStruct_SystemDate" was declared but never referenced
SCPI\scpiInstruction.c(1354): warning:  #177-D: variable "st_InstructionStruct_SystemLanguage" was declared but never referenced
SCPI\scpiInstruction.c(1361): warning:  #177-D: variable "st_InstructionStruct_SystemRsave" was declared but never referenced
SCPI\scpiInstruction.c(1369): warning:  #177-D: variable "st_InstructionStruct_SystemRhint" was declared but never referenced
SCPI\scpiInstruction.c(1376): warning:  #177-D: variable "st_InstructionStruct_SystemOcover" was declared but never referenced
SCPI\scpiInstruction.c(1424): warning:  #177-D: variable "t_InstructionStruct_ResuCapacity" was declared but never referenced
SCPI\scpiInstruction.c(1431): warning:  #177-D: variable "t_InstructionStruct_ResuClr" was declared but never referenced
SCPI\scpiInstruction.c(1467): warning:  #177-D: variable "t_InstructionStruct_ResuPpercent" was declared but never referenced
SCPI\scpiInstruction.c(1475): warning:  #177-D: variable "t_InstructionStruct_ResuStatistics" was declared but never referenced
compiling ModBus.c...
BSP\ZWD414B\ModBus.c(279): warning:  #223-D: function "rt_enter_critical" declared implicitly
BSP\ZWD414B\ModBus.c(280): warning:  #223-D: function "Usart_SendData" declared implicitly
BSP\ZWD414B\ModBus.c(281): warning:  #223-D: function "rt_exit_critical" declared implicitly
compiling systick.c...
compiling zwd414b.c...
compiling zwd414b_tools.c...
compiling elitech_custom_logo.c...
compiling jj98.c...
JJ98\jj98.c(100): warning:  #223-D: function "memset" declared implicitly
linking...
..\buildoutput\output\PROGRAM.axf: Error: L6218E: Undefined symbol clear_scan_code_buf (referred from test_sched.o).
Target not created
Build target 'STM32f407'
linking...
..\buildoutput\output\PROGRAM.axf: Error: L6218E: Undefined symbol clear_scan_code_buf (referred from test_sched.o).
Target not created
Build target 'STM32f407'
compiling ui_home.c...
.\applications\ext.h(11): warning:  #1-D: last line of file ends without a newline
.\applications\ext.h(11): warning:  #14-D: extra text after expected end of preprocessing directive
applications\UI\ui_home.c(335): error:  #20: identifier "scan_buf" is undefined
applications\UI\ui_home.c(336): error:  #20: identifier "scan_buf_w" is undefined
applications\UI\ui_home.c(337): error:  #20: identifier "scan_buf_r" is undefined
applications\UI\ui_home.c(408): warning:  #223-D: function "update_bar_code" declared implicitly
applications\UI\ui_home.c(1126): warning:  #167-D: argument of type "unsigned char *" is incompatible with parameter of type "const char *restrict"
applications\UI\ui_home.c(1222): warning:  #167-D: argument of type "unsigned char *" is incompatible with parameter of type "const char *restrict"
applications\UI\ui_home.c(1327): warning:  #167-D: argument of type "uint8_t *" is incompatible with parameter of type "const char *restrict"
applications\UI\ui_home.c(1454): warning:  #167-D: argument of type "unsigned char *" is incompatible with parameter of type "const char *restrict"
applications\UI\ui_home.c(1527): warning:  #167-D: argument of type "unsigned char *" is incompatible with parameter of type "const char *restrict"
applications\UI\ui_home.c(1705): warning:  #167-D: argument of type "unsigned char *" is incompatible with parameter of type "const char *restrict"
applications\UI\ui_home.c(1777): warning:  #167-D: argument of type "unsigned char *" is incompatible with parameter of type "const char *restrict"
.\image\Gs.h(127): warning:  #1-D: last line of file ends without a newline
compiling Test_Sched.c...
.\applications\ext.h(11): warning:  #1-D: last line of file ends without a newline
.\applications\ext.h(11): warning:  #14-D: extra text after expected end of preprocessing directive
Test_Main\Test_Sched.c(171): warning:  #223-D: function "update_bar_code" declared implicitly
Test_Main\Test_Sched.c(172): warning:  #223-D: function "clear_scan_code_buf" declared implicitly
Test_Main\Test_Sched.c(337): warning:  #223-D: function "update_bar_code" declared implicitly
Test_Main\Test_Sched.c(873): warning:  #47-D: incompatible redefinition of macro "DEEP_SLOW" (declared at line 105 of "Test_Main\Test_Sched.h")
Test_Main\Test_Sched.c(985): warning:  #177-D: variable "t_vol" was declared but never referenced
Test_Main\Test_Sched.c(980): warning:  #177-D: function "Test_Sampling_Clock_Sever" was declared but never referenced
Target not created
Build target 'STM32f407'
compiling ui_home.c...
.\applications\ext.h(11): warning:  #1-D: last line of file ends without a newline
.\applications\ext.h(11): warning:  #14-D: extra text after expected end of preprocessing directive
applications\UI\ui_home.c(408): warning:  #223-D: function "update_bar_code" declared implicitly
applications\UI\ui_home.c(1126): warning:  #167-D: argument of type "unsigned char *" is incompatible with parameter of type "const char *restrict"
applications\UI\ui_home.c(1222): warning:  #167-D: argument of type "unsigned char *" is incompatible with parameter of type "const char *restrict"
applications\UI\ui_home.c(1327): warning:  #167-D: argument of type "uint8_t *" is incompatible with parameter of type "const char *restrict"
applications\UI\ui_home.c(1454): warning:  #167-D: argument of type "unsigned char *" is incompatible with parameter of type "const char *restrict"
applications\UI\ui_home.c(1527): warning:  #167-D: argument of type "unsigned char *" is incompatible with parameter of type "const char *restrict"
applications\UI\ui_home.c(1705): warning:  #167-D: argument of type "unsigned char *" is incompatible with parameter of type "const char *restrict"
applications\UI\ui_home.c(1777): warning:  #167-D: argument of type "unsigned char *" is incompatible with parameter of type "const char *restrict"
.\image\Gs.h(127): warning:  #1-D: last line of file ends without a newline
linking...
Program Size: Code=370040 RO-data=330304 RW-data=33308 ZI-data=31252  
FromELF: creating hex file...
User command #1: fromelf.exe --bin -o ./烧录文件/PROGRAM.BIN  ../buildoutput/output/PROGRAM.axf
"..\buildoutput\output\PROGRAM.axf" - 0 Error(s), 11 Warning(s).
Load "..\\buildoutput\\output\\PROGRAM.AXF" 
* JLink Info: Device "STM32F407IG" selected (1024 KB flash, 128 KB RAM).
Set JLink Project File to "F:\31\支持中英文切换 - 定制CS9931YS-PT-2K\CS9931_Ultra_Y-W\JLinkSettings.ini"
 
JLink info:
------------
DLL: V4.40c, compiled Jan 24 2012 09:30:33
Firmware: J-Link ARM V8 compiled Nov 25 2013 19:20:08
Hardware: V8.00
S/N : 17935099 
Feature(s) : RDI,FlashDL,FlashBP,JFlash 
 
* JLink Info: Found SWD-DP with ID 0x2BA01477
* JLink Info: TPIU fitted.
* JLink Info: ETM fitted.
* JLink Info:   FPUnit: 6 code (BP) slots and 2 literal slots
* JLink Info: Found Cortex-M4 r0p1, Little endian.
ROMTableAddr = 0xE00FF003
* JLink Info: Found SWD-DP with ID 0x2BA01477
* JLink Info: TPIU fitted.
* JLink Info: ETM fitted.
* JLink Info:   FPUnit: 6 code (BP) slots and 2 literal slots
* JLink Info: Found Cortex-M4 r0p1, Little endian.
 
Target info:
------------
Device: STM32F407IG
VTarget = 3.325V
State of Pins: 
TCK: 0, TDI: 1, TDO: 0, TMS: 1, TRES: 1, TRST: 1
Hardware-Breakpoints: 6
Software-Breakpoints: 8192
Watchpoints:          4
JTAG speed: 2000 kHz
 
Erase Done.
Programming Done.
Verify OK.
* JLink Info: Found SWD-DP with ID 0x2BA01477
* JLink Info: TPIU fitted.
* JLink Info: ETM fitted.
* JLink Info:   FPUnit: 6 code (BP) slots and 2 literal slots
* JLink Info: Found Cortex-M4 r0p1, Little endian.
Application running ...
Build target 'STM32f407'
compiling ui_result.c...
applications\UI\ui_result.c(1181): warning:  #223-D: function "num_input" declared implicitly
compiling GR_Routine.c...
Test_Main\GR_Routine.c(526): warning:  #177-D: variable "res" was declared but never referenced
linking...
Program Size: Code=370272 RO-data=330312 RW-data=33308 ZI-data=31252  
FromELF: creating hex file...
User command #1: fromelf.exe --bin -o ./烧录文件/PROGRAM.BIN  ../buildoutput/output/PROGRAM.axf
"..\buildoutput\output\PROGRAM.axf" - 0 Error(s), 2 Warning(s).
Build target 'STM32f407'
compiling GR_Routine.c...
Test_Main\GR_Routine.c(527): warning:  #177-D: variable "res" was declared but never referenced
linking...
Program Size: Code=370280 RO-data=330312 RW-data=33308 ZI-data=31252  
FromELF: creating hex file...
User command #1: fromelf.exe --bin -o ./烧录文件/PROGRAM.BIN  ../buildoutput/output/PROGRAM.axf
"..\buildoutput\output\PROGRAM.axf" - 0 Error(s), 1 Warning(s).
Build target 'STM32f407'
compiling GR_Routine.c...
Test_Main\GR_Routine.c(527): warning:  #177-D: variable "res" was declared but never referenced
linking...
Program Size: Code=370280 RO-data=330312 RW-data=33308 ZI-data=31252  
FromELF: creating hex file...
User command #1: fromelf.exe --bin -o ./烧录文件/PROGRAM.BIN  ../buildoutput/output/PROGRAM.axf
"..\buildoutput\output\PROGRAM.axf" - 0 Error(s), 1 Warning(s).
Build target 'STM32f407'
compiling ui_system.c...
applications\UI\ui_system.c(4027): warning:  #223-D: function "APP_CommProtocolLogicInit" declared implicitly
linking...
Program Size: Code=370288 RO-data=330312 RW-data=33308 ZI-data=31252  
FromELF: creating hex file...
User command #1: fromelf.exe --bin -o ./烧录文件/PROGRAM.BIN  ../buildoutput/output/PROGRAM.axf
"..\buildoutput\output\PROGRAM.axf" - 0 Error(s), 1 Warning(s).
Build target 'STM32f407'
compiling GR_Routine.c...
Test_Main\GR_Routine.c(526): warning:  #177-D: variable "res" was declared but never referenced
linking...
Program Size: Code=370288 RO-data=330312 RW-data=33308 ZI-data=31252  
FromELF: creating hex file...
User command #1: fromelf.exe --bin -o ./烧录文件/PROGRAM.BIN  ../buildoutput/output/PROGRAM.axf
"..\buildoutput\output\PROGRAM.axf" - 0 Error(s), 1 Warning(s).
Build target 'STM32f407'
compiling asc32font.c...
linking...
Program Size: Code=370288 RO-data=330376 RW-data=33308 ZI-data=31252  
FromELF: creating hex file...
User command #1: fromelf.exe --bin -o ./烧录文件/PROGRAM.BIN  ../buildoutput/output/PROGRAM.axf
"..\buildoutput\output\PROGRAM.axf" - 0 Error(s), 0 Warning(s).
Build target 'STM32f407'
compiling GR_Routine.c...
Test_Main\GR_Routine.c(527): warning:  #177-D: variable "res" was declared but never referenced
linking...
Program Size: Code=370304 RO-data=330376 RW-data=33312 ZI-data=31248  
FromELF: creating hex file...
User command #1: fromelf.exe --bin -o ./烧录文件/PROGRAM.BIN  ../buildoutput/output/PROGRAM.axf
"..\buildoutput\output\PROGRAM.axf" - 0 Error(s), 1 Warning(s).
Build target 'STM32f407'
compiling LC_Routine.c...
Test_Main\LC_Routine.c(1157): warning:  #223-D: function "clear_home_panel" declared implicitly
Test_Main\LC_Routine.c(1158): warning:  #223-D: function "display_LC_L_N" declared implicitly
Test_Main\LC_Routine.c(1159): warning:  #223-D: function "lc_ui_teststr_darw" declared implicitly
linking...
Program Size: Code=370336 RO-data=330376 RW-data=33316 ZI-data=31252  
FromELF: creating hex file...
User command #1: fromelf.exe --bin -o ./烧录文件/PROGRAM.BIN  ../buildoutput/output/PROGRAM.axf
"..\buildoutput\output\PROGRAM.axf" - 0 Error(s), 3 Warning(s).
Build target 'STM32f407'
linking...
Program Size: Code=370336 RO-data=330376 RW-data=33316 ZI-data=31252  
FromELF: creating hex file...
User command #1: fromelf.exe --bin -o ./烧录文件/PROGRAM.BIN  ../buildoutput/output/PROGRAM.axf
"..\buildoutput\output\PROGRAM.axf" - 0 Error(s), 0 Warning(s).
